[Mon Feb 21 14:52:41.407010 2022] [ssl:warn] [pid 5188:tid 584] AH01909: www.example.com:443:0 server certificate does NOT include an ID which matches the server name
[Mon Feb 21 14:52:41.443043 2022] [ssl:warn] [pid 5188:tid 584] AH01909: www.example.com:443:0 server certificate does NOT include an ID which matches the server name
[Mon Feb 21 14:52:41.487083 2022] [mpm_winnt:notice] [pid 5188:tid 584] AH00455: Apache/2.4.52 (Win64) OpenSSL/1.1.1m PHP/8.1.2 configured -- resuming normal operations
[Mon Feb 21 14:52:41.487083 2022] [mpm_winnt:notice] [pid 5188:tid 584] AH00456: Apache Lounge VS16 Server built: Dec 17 2021 10:17:38
[Mon Feb 21 14:52:41.487083 2022] [core:notice] [pid 5188:tid 584] AH00094: Command line: 'C:\\xampp\\apache\\bin\\httpd.exe -d C:/xampp/apache'
[Mon Feb 21 14:52:41.490085 2022] [mpm_winnt:notice] [pid 5188:tid 584] AH00418: Parent: Created child process 20740
[Mon Feb 21 14:52:41.962515 2022] [ssl:warn] [pid 20740:tid 628] AH01909: www.example.com:443:0 server certificate does NOT include an ID which matches the server name
[Mon Feb 21 14:52:41.994544 2022] [ssl:warn] [pid 20740:tid 628] AH01909: www.example.com:443:0 server certificate does NOT include an ID which matches the server name
[Mon Feb 21 14:52:42.031577 2022] [mpm_winnt:notice] [pid 20740:tid 628] AH00354: Child: Starting 150 worker threads.
[Mon Feb 21 14:53:49.199596 2022] [ssl:warn] [pid 4200:tid 664] AH01909: www.example.com:443:0 server certificate does NOT include an ID which matches the server name
[Mon Feb 21 14:53:49.233627 2022] [ssl:warn] [pid 4200:tid 664] AH01909: www.example.com:443:0 server certificate does NOT include an ID which matches the server name
[Mon Feb 21 14:53:49.267658 2022] [mpm_winnt:notice] [pid 4200:tid 664] AH00455: Apache/2.4.52 (Win64) OpenSSL/1.1.1m PHP/8.1.2 configured -- resuming normal operations
[Mon Feb 21 14:53:49.267658 2022] [mpm_winnt:notice] [pid 4200:tid 664] AH00456: Apache Lounge VS16 Server built: Dec 17 2021 10:17:38
[Mon Feb 21 14:53:49.267658 2022] [core:notice] [pid 4200:tid 664] AH00094: Command line: 'c:\\xampp\\apache\\bin\\httpd.exe -d C:/xampp/apache'
[Mon Feb 21 14:53:49.270661 2022] [mpm_winnt:notice] [pid 4200:tid 664] AH00418: Parent: Created child process 10540
[Mon Feb 21 14:53:49.736083 2022] [ssl:warn] [pid 10540:tid 644] AH01909: www.example.com:443:0 server certificate does NOT include an ID which matches the server name
[Mon Feb 21 14:53:49.767112 2022] [ssl:warn] [pid 10540:tid 644] AH01909: www.example.com:443:0 server certificate does NOT include an ID which matches the server name
[Mon Feb 21 14:53:49.803145 2022] [mpm_winnt:notice] [pid 10540:tid 644] AH00354: Child: Starting 150 worker threads.
[Tue Feb 22 10:47:04.137706 2022] [ssl:warn] [pid 20296:tid 608] AH01909: www.example.com:443:0 server certificate does NOT include an ID which matches the server name
[Tue Feb 22 10:47:04.167734 2022] [core:warn] [pid 20296:tid 608] AH00098: pid file C:/xampp/apache/logs/httpd.pid overwritten -- Unclean shutdown of previous Apache run?
[Tue Feb 22 10:47:04.169736 2022] [ssl:warn] [pid 20296:tid 608] AH01909: www.example.com:443:0 server certificate does NOT include an ID which matches the server name
[Tue Feb 22 10:47:04.255814 2022] [mpm_winnt:notice] [pid 20296:tid 608] AH00455: Apache/2.4.52 (Win64) OpenSSL/1.1.1m PHP/8.1.2 configured -- resuming normal operations
[Tue Feb 22 10:47:04.255814 2022] [mpm_winnt:notice] [pid 20296:tid 608] AH00456: Apache Lounge VS16 Server built: Dec 17 2021 10:17:38
[Tue Feb 22 10:47:04.255814 2022] [core:notice] [pid 20296:tid 608] AH00094: Command line: 'c:\\xampp\\apache\\bin\\httpd.exe -d C:/xampp/apache'
[Tue Feb 22 10:47:04.256815 2022] [mpm_winnt:notice] [pid 20296:tid 608] AH00418: Parent: Created child process 3188
[Tue Feb 22 10:47:04.563093 2022] [ssl:warn] [pid 3188:tid 620] AH01909: www.example.com:443:0 server certificate does NOT include an ID which matches the server name
[Tue Feb 22 10:47:04.592119 2022] [ssl:warn] [pid 3188:tid 620] AH01909: www.example.com:443:0 server certificate does NOT include an ID which matches the server name
[Tue Feb 22 10:47:04.626150 2022] [mpm_winnt:notice] [pid 3188:tid 620] AH00354: Child: Starting 150 worker threads.
[Tue Feb 22 16:16:53.169675 2022] [ssl:warn] [pid 20272:tid 600] AH01909: www.example.com:443:0 server certificate does NOT include an ID which matches the server name
[Tue Feb 22 16:16:53.198701 2022] [core:warn] [pid 20272:tid 600] AH00098: pid file C:/xampp/apache/logs/httpd.pid overwritten -- Unclean shutdown of previous Apache run?
[Tue Feb 22 16:16:53.200703 2022] [ssl:warn] [pid 20272:tid 600] AH01909: www.example.com:443:0 server certificate does NOT include an ID which matches the server name
[Tue Feb 22 16:16:53.235735 2022] [mpm_winnt:notice] [pid 20272:tid 600] AH00455: Apache/2.4.52 (Win64) OpenSSL/1.1.1m PHP/8.1.2 configured -- resuming normal operations
[Tue Feb 22 16:16:53.235735 2022] [mpm_winnt:notice] [pid 20272:tid 600] AH00456: Apache Lounge VS16 Server built: Dec 17 2021 10:17:38
[Tue Feb 22 16:16:53.235735 2022] [core:notice] [pid 20272:tid 600] AH00094: Command line: 'c:\\xampp\\apache\\bin\\httpd.exe -d C:/xampp/apache'
[Tue Feb 22 16:16:53.236736 2022] [mpm_winnt:notice] [pid 20272:tid 600] AH00418: Parent: Created child process 8084
[Tue Feb 22 16:16:53.646108 2022] [ssl:warn] [pid 8084:tid 640] AH01909: www.example.com:443:0 server certificate does NOT include an ID which matches the server name
[Tue Feb 22 16:16:53.675134 2022] [ssl:warn] [pid 8084:tid 640] AH01909: www.example.com:443:0 server certificate does NOT include an ID which matches the server name
[Tue Feb 22 16:16:53.709165 2022] [mpm_winnt:notice] [pid 8084:tid 640] AH00354: Child: Starting 150 worker threads.
[Tue Feb 22 19:25:04.591002 2022] [php:error] [pid 8084:tid 1848] [client ::1:64202] PHP Fatal error:  Uncaught Error: Class "Medoo" not found in C:\\xampp\\htdocs\\dbcontroller.php:9\nStack trace:\n#0 C:\\xampp\\htdocs\\index.php(26): DB\xd0\xa1ontroller->\xd1\x81onnectToDB()\n#1 {main}\n  thrown in C:\\xampp\\htdocs\\dbcontroller.php on line 9, referer: http://localhost/
[Tue Feb 22 19:25:27.033390 2022] [php:error] [pid 8084:tid 1848] [client ::1:64213] PHP Fatal error:  Uncaught Error: Class "Medoo" not found in C:\\xampp\\htdocs\\dbcontroller.php:9\nStack trace:\n#0 C:\\xampp\\htdocs\\index.php(26): DB\xd0\xa1ontroller->\xd1\x81onnectToDB()\n#1 {main}\n  thrown in C:\\xampp\\htdocs\\dbcontroller.php on line 9, referer: http://localhost/
[Tue Feb 22 19:26:56.295480 2022] [php:error] [pid 8084:tid 1848] [client ::1:55985] PHP Fatal error:  Uncaught Error: Class "Medoo" not found in C:\\xampp\\htdocs\\dbcontroller.php:9\nStack trace:\n#0 C:\\xampp\\htdocs\\index.php(26): DB\xd0\xa1ontroller->\xd1\x81onnectToDB()\n#1 {main}\n  thrown in C:\\xampp\\htdocs\\dbcontroller.php on line 9, referer: http://localhost/
[Tue Feb 22 19:26:58.733695 2022] [php:error] [pid 8084:tid 1848] [client ::1:55985] PHP Fatal error:  Uncaught Error: Class "Medoo" not found in C:\\xampp\\htdocs\\dbcontroller.php:9\nStack trace:\n#0 C:\\xampp\\htdocs\\index.php(26): DB\xd0\xa1ontroller->\xd1\x81onnectToDB()\n#1 {main}\n  thrown in C:\\xampp\\htdocs\\dbcontroller.php on line 9, referer: http://localhost/
[Tue Feb 22 19:30:11.813099 2022] [php:error] [pid 8084:tid 1848] [client ::1:50986] PHP Fatal error:  Uncaught Error: Class "Medoo" not found in C:\\xampp\\htdocs\\dbcontroller.php:9\nStack trace:\n#0 C:\\xampp\\htdocs\\index.php(26): DB\xd0\xa1ontroller->\xd1\x81onnectToDB()\n#1 {main}\n  thrown in C:\\xampp\\htdocs\\dbcontroller.php on line 9, referer: http://localhost/
[Tue Feb 22 19:30:13.232388 2022] [php:error] [pid 8084:tid 1848] [client ::1:50986] PHP Fatal error:  Uncaught Error: Class "Medoo" not found in C:\\xampp\\htdocs\\dbcontroller.php:9\nStack trace:\n#0 C:\\xampp\\htdocs\\index.php(26): DB\xd0\xa1ontroller->\xd1\x81onnectToDB()\n#1 {main}\n  thrown in C:\\xampp\\htdocs\\dbcontroller.php on line 9, referer: http://localhost/
[Tue Feb 22 19:53:57.191375 2022] [php:error] [pid 8084:tid 1848] [client ::1:61141] PHP Fatal error:  Uncaught PDOException: SQLSTATE[HY000] [1045] Access denied for user 'root'@'localhost' (using password: YES) in C:\\xampp\\htdocs\\Medoo.php:476\nStack trace:\n#0 C:\\xampp\\htdocs\\dbcontroller.php(13): Medoo\\Medoo->__construct(Array)\n#1 C:\\xampp\\htdocs\\index.php(26): DB\xd0\xa1ontroller->\xd1\x81onnectToDB()\n#2 {main}\n  thrown in C:\\xampp\\htdocs\\Medoo.php on line 476, referer: http://localhost/
[Tue Feb 22 19:54:28.211915 2022] [php:error] [pid 8084:tid 1848] [client ::1:61158] PHP Fatal error:  Uncaught Error: Typed property DB\xd0\xa1ontroller::$database must not be accessed before initialization in C:\\xampp\\htdocs\\index.php:27\nStack trace:\n#0 {main}\n  thrown in C:\\xampp\\htdocs\\index.php on line 27, referer: http://localhost/
[Tue Feb 22 19:56:24.983798 2022] [php:error] [pid 8084:tid 1848] [client ::1:62252] PHP Fatal error:  Uncaught Error: Typed property DB\xd0\xa1ontroller::$database must not be accessed before initialization in C:\\xampp\\htdocs\\index.php:27\nStack trace:\n#0 {main}\n  thrown in C:\\xampp\\htdocs\\index.php on line 27, referer: http://localhost/
[Tue Feb 22 19:56:25.868506 2022] [php:error] [pid 8084:tid 1848] [client ::1:62252] PHP Fatal error:  Uncaught Error: Typed property DB\xd0\xa1ontroller::$database must not be accessed before initialization in C:\\xampp\\htdocs\\index.php:27\nStack trace:\n#0 {main}\n  thrown in C:\\xampp\\htdocs\\index.php on line 27, referer: http://localhost/
[Tue Feb 22 19:56:26.322238 2022] [php:error] [pid 8084:tid 1848] [client ::1:62252] PHP Fatal error:  Uncaught Error: Typed property DB\xd0\xa1ontroller::$database must not be accessed before initialization in C:\\xampp\\htdocs\\index.php:27\nStack trace:\n#0 {main}\n  thrown in C:\\xampp\\htdocs\\index.php on line 27, referer: http://localhost/
[Tue Feb 22 19:56:26.770196 2022] [php:error] [pid 8084:tid 1848] [client ::1:62252] PHP Fatal error:  Uncaught Error: Typed property DB\xd0\xa1ontroller::$database must not be accessed before initialization in C:\\xampp\\htdocs\\index.php:27\nStack trace:\n#0 {main}\n  thrown in C:\\xampp\\htdocs\\index.php on line 27, referer: http://localhost/
[Tue Feb 22 19:56:27.522886 2022] [php:error] [pid 8084:tid 1848] [client ::1:62252] PHP Fatal error:  Uncaught Error: Typed property DB\xd0\xa1ontroller::$database must not be accessed before initialization in C:\\xampp\\htdocs\\index.php:27\nStack trace:\n#0 {main}\n  thrown in C:\\xampp\\htdocs\\index.php on line 27, referer: http://localhost/
[Tue Feb 22 19:58:23.327861 2022] [php:error] [pid 8084:tid 1848] [client ::1:57073] PHP Fatal error:  Uncaught Error: Typed property DB\xd0\xa1ontroller::$database must not be accessed before initialization in C:\\xampp\\htdocs\\index.php:27\nStack trace:\n#0 {main}\n  thrown in C:\\xampp\\htdocs\\index.php on line 27, referer: http://localhost/
[Tue Feb 22 20:00:10.563809 2022] [php:error] [pid 8084:tid 1848] [client ::1:54098] PHP Fatal error:  Uncaught Error: Call to a member function select() on null in C:\\xampp\\htdocs\\index.php:27\nStack trace:\n#0 {main}\n  thrown in C:\\xampp\\htdocs\\index.php on line 27, referer: http://localhost/
[Tue Feb 22 20:00:38.986561 2022] [php:warn] [pid 8084:tid 1848] [client ::1:54115] PHP Warning:  Array to string conversion in C:\\xampp\\htdocs\\index.php on line 27, referer: http://localhost/
[Tue Feb 22 20:00:38.986561 2022] [php:warn] [pid 8084:tid 1848] [client ::1:54115] PHP Warning:  Array to string conversion in C:\\xampp\\htdocs\\index.php on line 27, referer: http://localhost/
[Tue Feb 22 20:01:24.639096 2022] [php:warn] [pid 8084:tid 1848] [client ::1:61524] PHP Warning:  Array to string conversion in C:\\xampp\\htdocs\\index.php on line 27, referer: http://localhost/
[Tue Feb 22 20:01:24.639096 2022] [php:warn] [pid 8084:tid 1848] [client ::1:61524] PHP Warning:  Array to string conversion in C:\\xampp\\htdocs\\index.php on line 27, referer: http://localhost/
[Tue Feb 22 20:02:25.385196 2022] [php:warn] [pid 8084:tid 1848] [client ::1:50637] PHP Warning:  Undefined array key "column" in C:\\xampp\\htdocs\\Medoo.php on line 814, referer: http://localhost/
[Tue Feb 22 20:02:25.385196 2022] [php:error] [pid 8084:tid 1848] [client ::1:50637] PHP Fatal error:  Uncaught TypeError: Medoo\\Medoo::columnQuote(): Argument #1 ($column) must be of type string, null given, called in C:\\xampp\\htdocs\\Medoo.php on line 814 and defined in C:\\xampp\\htdocs\\Medoo.php:724\nStack trace:\n#0 C:\\xampp\\htdocs\\Medoo.php(814): Medoo\\Medoo->columnQuote(NULL)\n#1 C:\\xampp\\htdocs\\Medoo.php(1224): Medoo\\Medoo->columnPush(Array, Array, true, false)\n#2 C:\\xampp\\htdocs\\Medoo.php(1595): Medoo\\Medoo->selectContext('"user_profile"', Array, Array, Array, NULL)\n#3 C:\\xampp\\htdocs\\index.php(27): Medoo\\Medoo->select('user_profile', Array)\n#4 {main}\n  thrown in C:\\xampp\\htdocs\\Medoo.php on line 724, referer: http://localhost/
[Wed Feb 23 05:55:32.283816 2022] [php:warn] [pid 8084:tid 1872] [client ::1:51762] PHP Warning:  Undefined array key "inputEmail" in C:\\xampp\\htdocs\\index.php on line 28
[Wed Feb 23 05:55:32.283816 2022] [php:warn] [pid 8084:tid 1872] [client ::1:51762] PHP Warning:  Undefined array key "inputPassword" in C:\\xampp\\htdocs\\index.php on line 29
[Wed Feb 23 05:55:41.467126 2022] [php:warn] [pid 8084:tid 1872] [client ::1:59803] PHP Warning:  Undefined array key "inputEmail" in C:\\xampp\\htdocs\\index.php on line 28, referer: http://localhost/
[Wed Feb 23 05:55:41.468127 2022] [php:warn] [pid 8084:tid 1872] [client ::1:59803] PHP Warning:  Undefined array key "inputPassword" in C:\\xampp\\htdocs\\index.php on line 29, referer: http://localhost/
[Wed Feb 23 05:55:46.638246 2022] [php:warn] [pid 8084:tid 1872] [client ::1:59805] PHP Warning:  Undefined array key "inputEmail" in C:\\xampp\\htdocs\\index.php on line 28, referer: http://localhost/
[Wed Feb 23 05:55:46.638246 2022] [php:warn] [pid 8084:tid 1872] [client ::1:59805] PHP Warning:  Undefined array key "inputPassword" in C:\\xampp\\htdocs\\index.php on line 29, referer: http://localhost/
[Wed Feb 23 05:57:43.746770 2022] [php:warn] [pid 8084:tid 1872] [client ::1:63354] PHP Warning:  Undefined array key "inputEmail" in C:\\xampp\\htdocs\\index.php on line 28, referer: http://localhost/
[Wed Feb 23 05:57:43.746770 2022] [php:warn] [pid 8084:tid 1872] [client ::1:63354] PHP Warning:  Undefined array key "inputPassword" in C:\\xampp\\htdocs\\index.php on line 29, referer: http://localhost/
[Wed Feb 23 06:00:05.375631 2022] [php:warn] [pid 8084:tid 1872] [client ::1:54583] PHP Warning:  Undefined array key "inputEmail" in C:\\xampp\\htdocs\\index.php on line 28, referer: http://localhost/
[Wed Feb 23 06:00:05.375631 2022] [php:warn] [pid 8084:tid 1872] [client ::1:54583] PHP Warning:  Undefined array key "inputPassword" in C:\\xampp\\htdocs\\index.php on line 29, referer: http://localhost/
[Wed Feb 23 06:00:12.508601 2022] [php:warn] [pid 8084:tid 1872] [client ::1:54590] PHP Warning:  Undefined array key "inputEmail" in C:\\xampp\\htdocs\\index.php on line 28, referer: http://localhost/
[Wed Feb 23 06:00:12.508601 2022] [php:warn] [pid 8084:tid 1872] [client ::1:54590] PHP Warning:  Undefined array key "inputPassword" in C:\\xampp\\htdocs\\index.php on line 29, referer: http://localhost/
[Wed Feb 23 06:00:22.417618 2022] [php:warn] [pid 8084:tid 1872] [client ::1:54596] PHP Warning:  Undefined array key "inputEmail" in C:\\xampp\\htdocs\\index.php on line 28, referer: http://localhost/index.php
[Wed Feb 23 06:00:22.418619 2022] [php:warn] [pid 8084:tid 1872] [client ::1:54596] PHP Warning:  Undefined array key "inputPassword" in C:\\xampp\\htdocs\\index.php on line 29, referer: http://localhost/index.php
[Wed Feb 23 06:01:13.493763 2022] [php:warn] [pid 8084:tid 1872] [client ::1:54037] PHP Warning:  Undefined array key "inputEmail" in C:\\xampp\\htdocs\\index.php on line 28, referer: http://localhost/index.php
[Wed Feb 23 06:01:13.493763 2022] [php:warn] [pid 8084:tid 1872] [client ::1:54037] PHP Warning:  Undefined array key "inputPassword" in C:\\xampp\\htdocs\\index.php on line 29, referer: http://localhost/index.php
[Wed Feb 23 06:05:05.670085 2022] [php:warn] [pid 8084:tid 1872] [client ::1:49337] PHP Warning:  Undefined array key "inputEmail" in C:\\xampp\\htdocs\\index.php on line 28, referer: http://localhost/index.php
[Wed Feb 23 06:05:05.670085 2022] [php:warn] [pid 8084:tid 1872] [client ::1:49337] PHP Warning:  Undefined array key "inputPassword" in C:\\xampp\\htdocs\\index.php on line 29, referer: http://localhost/index.php
[Wed Feb 23 06:05:05.670085 2022] [php:warn] [pid 8084:tid 1872] [client ::1:49337] PHP Warning:  Cannot modify header information - headers already sent by (output started at C:\\xampp\\htdocs\\index.php:29) in C:\\xampp\\htdocs\\index.php on line 30, referer: http://localhost/index.php
[Wed Feb 23 06:05:13.482889 2022] [php:warn] [pid 8084:tid 1872] [client ::1:49341] PHP Warning:  Undefined array key "inputEmail" in C:\\xampp\\htdocs\\index.php on line 28, referer: http://localhost/index.php
[Wed Feb 23 06:05:13.482889 2022] [php:warn] [pid 8084:tid 1872] [client ::1:49341] PHP Warning:  Undefined array key "inputPassword" in C:\\xampp\\htdocs\\index.php on line 29, referer: http://localhost/index.php
[Wed Feb 23 06:05:13.482889 2022] [php:warn] [pid 8084:tid 1872] [client ::1:49341] PHP Warning:  Cannot modify header information - headers already sent by (output started at C:\\xampp\\htdocs\\index.php:29) in C:\\xampp\\htdocs\\index.php on line 30, referer: http://localhost/index.php
[Wed Feb 23 06:05:14.160909 2022] [php:warn] [pid 8084:tid 1872] [client ::1:49341] PHP Warning:  Undefined array key "inputEmail" in C:\\xampp\\htdocs\\index.php on line 28, referer: http://localhost/index.php
[Wed Feb 23 06:05:14.160909 2022] [php:warn] [pid 8084:tid 1872] [client ::1:49341] PHP Warning:  Undefined array key "inputPassword" in C:\\xampp\\htdocs\\index.php on line 29, referer: http://localhost/index.php
[Wed Feb 23 06:05:14.161910 2022] [php:warn] [pid 8084:tid 1872] [client ::1:49341] PHP Warning:  Cannot modify header information - headers already sent by (output started at C:\\xampp\\htdocs\\index.php:29) in C:\\xampp\\htdocs\\index.php on line 30, referer: http://localhost/index.php
[Wed Feb 23 06:05:14.385143 2022] [php:warn] [pid 8084:tid 1872] [client ::1:49341] PHP Warning:  Undefined array key "inputEmail" in C:\\xampp\\htdocs\\index.php on line 28, referer: http://localhost/index.php
[Wed Feb 23 06:05:14.385143 2022] [php:warn] [pid 8084:tid 1872] [client ::1:49341] PHP Warning:  Undefined array key "inputPassword" in C:\\xampp\\htdocs\\index.php on line 29, referer: http://localhost/index.php
[Wed Feb 23 06:05:14.385143 2022] [php:warn] [pid 8084:tid 1872] [client ::1:49341] PHP Warning:  Cannot modify header information - headers already sent by (output started at C:\\xampp\\htdocs\\index.php:29) in C:\\xampp\\htdocs\\index.php on line 30, referer: http://localhost/index.php
[Wed Feb 23 06:05:14.614274 2022] [php:warn] [pid 8084:tid 1872] [client ::1:49341] PHP Warning:  Undefined array key "inputEmail" in C:\\xampp\\htdocs\\index.php on line 28, referer: http://localhost/index.php
[Wed Feb 23 06:05:14.615276 2022] [php:warn] [pid 8084:tid 1872] [client ::1:49341] PHP Warning:  Undefined array key "inputPassword" in C:\\xampp\\htdocs\\index.php on line 29, referer: http://localhost/index.php
[Wed Feb 23 06:05:14.615276 2022] [php:warn] [pid 8084:tid 1872] [client ::1:49341] PHP Warning:  Cannot modify header information - headers already sent by (output started at C:\\xampp\\htdocs\\index.php:29) in C:\\xampp\\htdocs\\index.php on line 30, referer: http://localhost/index.php
[Wed Feb 23 06:05:14.828422 2022] [php:warn] [pid 8084:tid 1872] [client ::1:49341] PHP Warning:  Undefined array key "inputEmail" in C:\\xampp\\htdocs\\index.php on line 28, referer: http://localhost/index.php
[Wed Feb 23 06:05:14.828422 2022] [php:warn] [pid 8084:tid 1872] [client ::1:49341] PHP Warning:  Undefined array key "inputPassword" in C:\\xampp\\htdocs\\index.php on line 29, referer: http://localhost/index.php
[Wed Feb 23 06:05:14.828422 2022] [php:warn] [pid 8084:tid 1872] [client ::1:49341] PHP Warning:  Cannot modify header information - headers already sent by (output started at C:\\xampp\\htdocs\\index.php:29) in C:\\xampp\\htdocs\\index.php on line 30, referer: http://localhost/index.php
[Wed Feb 23 06:05:15.117913 2022] [php:warn] [pid 8084:tid 1872] [client ::1:49341] PHP Warning:  Undefined array key "inputEmail" in C:\\xampp\\htdocs\\index.php on line 28, referer: http://localhost/index.php
[Wed Feb 23 06:05:15.117913 2022] [php:warn] [pid 8084:tid 1872] [client ::1:49341] PHP Warning:  Undefined array key "inputPassword" in C:\\xampp\\htdocs\\index.php on line 29, referer: http://localhost/index.php
[Wed Feb 23 06:05:15.117913 2022] [php:warn] [pid 8084:tid 1872] [client ::1:49341] PHP Warning:  Cannot modify header information - headers already sent by (output started at C:\\xampp\\htdocs\\index.php:29) in C:\\xampp\\htdocs\\index.php on line 30, referer: http://localhost/index.php
[Wed Feb 23 06:23:24.817803 2022] [php:error] [pid 8084:tid 1848] [client ::1:55189] PHP Parse error:  syntax error, unexpected identifier "header" in C:\\xampp\\htdocs\\index.php on line 32, referer: http://localhost/index.php
[Wed Feb 23 06:23:26.321289 2022] [php:error] [pid 8084:tid 1848] [client ::1:55189] PHP Parse error:  syntax error, unexpected identifier "header" in C:\\xampp\\htdocs\\index.php on line 32, referer: http://localhost/index.php
[Wed Feb 23 06:23:44.280698 2022] [php:warn] [pid 8084:tid 1848] [client ::1:55190] PHP Warning:  Undefined array key "inputEmail" in C:\\xampp\\htdocs\\index.php on line 29, referer: http://localhost/index.php
[Wed Feb 23 06:23:44.280698 2022] [php:warn] [pid 8084:tid 1848] [client ::1:55190] PHP Warning:  Undefined array key "inputPassword" in C:\\xampp\\htdocs\\index.php on line 30, referer: http://localhost/index.php
[Wed Feb 23 06:24:48.515453 2022] [php:warn] [pid 8084:tid 1848] [client ::1:58074] PHP Warning:  Undefined array key "inputEmail" in C:\\xampp\\htdocs\\index.php on line 29, referer: http://localhost/index.php
[Wed Feb 23 06:24:48.515453 2022] [php:warn] [pid 8084:tid 1848] [client ::1:58074] PHP Warning:  Undefined array key "inputPassword" in C:\\xampp\\htdocs\\index.php on line 30, referer: http://localhost/index.php
[Wed Feb 23 06:26:20.619691 2022] [php:warn] [pid 8084:tid 1848] [client ::1:57883] PHP Warning:  Undefined array key "inputPhoneNumber" in C:\\xampp\\htdocs\\index.php on line 28, referer: http://localhost/index.php
[Mon Feb 28 12:47:22.827227 2022] [ssl:warn] [pid 14832:tid 640] AH01909: www.example.com:443:0 server certificate does NOT include an ID which matches the server name
[Mon Feb 28 12:47:22.870842 2022] [core:warn] [pid 14832:tid 640] AH00098: pid file C:/xampp/apache/logs/httpd.pid overwritten -- Unclean shutdown of previous Apache run?
[Mon Feb 28 12:47:22.872844 2022] [ssl:warn] [pid 14832:tid 640] AH01909: www.example.com:443:0 server certificate does NOT include an ID which matches the server name
[Mon Feb 28 12:47:22.912961 2022] [mpm_winnt:notice] [pid 14832:tid 640] AH00455: Apache/2.4.52 (Win64) OpenSSL/1.1.1m PHP/8.1.2 configured -- resuming normal operations
[Mon Feb 28 12:47:22.912961 2022] [mpm_winnt:notice] [pid 14832:tid 640] AH00456: Apache Lounge VS16 Server built: Dec 17 2021 10:17:38
[Mon Feb 28 12:47:22.912961 2022] [core:notice] [pid 14832:tid 640] AH00094: Command line: 'c:\\xampp\\apache\\bin\\httpd.exe -d C:/xampp/apache'
[Mon Feb 28 12:47:22.913962 2022] [mpm_winnt:notice] [pid 14832:tid 640] AH00418: Parent: Created child process 10080
[Mon Feb 28 12:47:23.324486 2022] [ssl:warn] [pid 10080:tid 628] AH01909: www.example.com:443:0 server certificate does NOT include an ID which matches the server name
[Mon Feb 28 12:47:23.352048 2022] [ssl:warn] [pid 10080:tid 628] AH01909: www.example.com:443:0 server certificate does NOT include an ID which matches the server name
[Mon Feb 28 12:47:23.386151 2022] [mpm_winnt:notice] [pid 10080:tid 628] AH00354: Child: Starting 150 worker threads.
[Mon Feb 28 14:44:23.902068 2022] [php:warn] [pid 10080:tid 1828] [client ::1:49506] PHP Warning:  Undefined array key "inputPhoneNumber" in C:\\xampp\\htdocs\\index.php on line 28
[Mon Feb 28 14:44:23.902068 2022] [php:warn] [pid 10080:tid 1828] [client ::1:49506] PHP Warning:  Undefined array key "inputPassword" in C:\\xampp\\htdocs\\index.php on line 29
[Mon Feb 28 15:03:02.668658 2022] [php:warn] [pid 10080:tid 1828] [client ::1:54331] PHP Warning:  require(header.php): Failed to open stream: No such file or directory in C:\\xampp\\htdocs\\registration\\registrationForm.php on line 1
[Mon Feb 28 15:03:02.668658 2022] [php:error] [pid 10080:tid 1828] [client ::1:54331] PHP Fatal error:  Uncaught Error: Failed opening required 'header.php' (include_path='C:\\xampp\\php\\PEAR') in C:\\xampp\\htdocs\\registration\\registrationForm.php:1\nStack trace:\n#0 {main}\n  thrown in C:\\xampp\\htdocs\\registration\\registrationForm.php on line 1
[Mon Feb 28 15:03:29.715574 2022] [php:warn] [pid 10080:tid 1828] [client ::1:53079] PHP Warning:  require(/header.php): Failed to open stream: No such file or directory in C:\\xampp\\htdocs\\registration\\registrationForm.php on line 1
[Mon Feb 28 15:03:29.715574 2022] [php:error] [pid 10080:tid 1828] [client ::1:53079] PHP Fatal error:  Uncaught Error: Failed opening required '/header.php' (include_path='C:\\xampp\\php\\PEAR') in C:\\xampp\\htdocs\\registration\\registrationForm.php:1\nStack trace:\n#0 {main}\n  thrown in C:\\xampp\\htdocs\\registration\\registrationForm.php on line 1
[Mon Feb 28 15:03:31.327949 2022] [php:warn] [pid 10080:tid 1828] [client ::1:53079] PHP Warning:  require(/header.php): Failed to open stream: No such file or directory in C:\\xampp\\htdocs\\registration\\registrationForm.php on line 1
[Mon Feb 28 15:03:31.327949 2022] [php:error] [pid 10080:tid 1828] [client ::1:53079] PHP Fatal error:  Uncaught Error: Failed opening required '/header.php' (include_path='C:\\xampp\\php\\PEAR') in C:\\xampp\\htdocs\\registration\\registrationForm.php:1\nStack trace:\n#0 {main}\n  thrown in C:\\xampp\\htdocs\\registration\\registrationForm.php on line 1
[Mon Feb 28 15:03:37.170453 2022] [php:warn] [pid 10080:tid 1828] [client ::1:53081] PHP Warning:  require(/header.php): Failed to open stream: No such file or directory in C:\\xampp\\htdocs\\registration\\registrationForm.php on line 1
[Mon Feb 28 15:03:37.171454 2022] [php:error] [pid 10080:tid 1828] [client ::1:53081] PHP Fatal error:  Uncaught Error: Failed opening required '/header.php' (include_path='C:\\xampp\\php\\PEAR') in C:\\xampp\\htdocs\\registration\\registrationForm.php:1\nStack trace:\n#0 {main}\n  thrown in C:\\xampp\\htdocs\\registration\\registrationForm.php on line 1
[Mon Feb 28 15:03:38.315212 2022] [php:warn] [pid 10080:tid 1828] [client ::1:53081] PHP Warning:  require(/header.php): Failed to open stream: No such file or directory in C:\\xampp\\htdocs\\registration\\registrationForm.php on line 1
[Mon Feb 28 15:03:38.315212 2022] [php:error] [pid 10080:tid 1828] [client ::1:53081] PHP Fatal error:  Uncaught Error: Failed opening required '/header.php' (include_path='C:\\xampp\\php\\PEAR') in C:\\xampp\\htdocs\\registration\\registrationForm.php:1\nStack trace:\n#0 {main}\n  thrown in C:\\xampp\\htdocs\\registration\\registrationForm.php on line 1
[Mon Feb 28 15:04:03.800847 2022] [php:warn] [pid 10080:tid 1828] [client ::1:53084] PHP Warning:  require(header.php): Failed to open stream: No such file or directory in C:\\xampp\\htdocs\\registration\\registrationForm.php on line 1
[Mon Feb 28 15:04:03.800847 2022] [php:error] [pid 10080:tid 1828] [client ::1:53084] PHP Fatal error:  Uncaught Error: Failed opening required 'header.php' (include_path='C:\\xampp\\php\\PEAR') in C:\\xampp\\htdocs\\registration\\registrationForm.php:1\nStack trace:\n#0 {main}\n  thrown in C:\\xampp\\htdocs\\registration\\registrationForm.php on line 1
[Tue Mar 01 16:33:20.979741 2022] [ssl:warn] [pid 8188:tid 620] AH01909: www.example.com:443:0 server certificate does NOT include an ID which matches the server name
[Tue Mar 01 16:33:21.008845 2022] [core:warn] [pid 8188:tid 620] AH00098: pid file C:/xampp/apache/logs/httpd.pid overwritten -- Unclean shutdown of previous Apache run?
[Tue Mar 01 16:33:21.011352 2022] [ssl:warn] [pid 8188:tid 620] AH01909: www.example.com:443:0 server certificate does NOT include an ID which matches the server name
[Tue Mar 01 16:33:21.046945 2022] [mpm_winnt:notice] [pid 8188:tid 620] AH00455: Apache/2.4.52 (Win64) OpenSSL/1.1.1m PHP/8.1.2 configured -- resuming normal operations
[Tue Mar 01 16:33:21.046945 2022] [mpm_winnt:notice] [pid 8188:tid 620] AH00456: Apache Lounge VS16 Server built: Dec 17 2021 10:17:38
[Tue Mar 01 16:33:21.046945 2022] [core:notice] [pid 8188:tid 620] AH00094: Command line: 'c:\\xampp\\apache\\bin\\httpd.exe -d C:/xampp/apache'
[Tue Mar 01 16:33:21.047948 2022] [mpm_winnt:notice] [pid 8188:tid 620] AH00418: Parent: Created child process 10188
[Tue Mar 01 16:33:21.445411 2022] [ssl:warn] [pid 10188:tid 620] AH01909: www.example.com:443:0 server certificate does NOT include an ID which matches the server name
[Tue Mar 01 16:33:21.472474 2022] [ssl:warn] [pid 10188:tid 620] AH01909: www.example.com:443:0 server certificate does NOT include an ID which matches the server name
[Tue Mar 01 16:33:21.507074 2022] [mpm_winnt:notice] [pid 10188:tid 620] AH00354: Child: Starting 150 worker threads.
[Tue Mar 01 17:04:10.249450 2022] [php:error] [pid 10188:tid 1860] [client ::1:58858] PHP Fatal error:  Uncaught Error: Class "DB\xd0\xa1ontroller" not found in C:\\xampp\\htdocs\\registration\\ajaxRegistration.php:3\nStack trace:\n#0 {main}\n  thrown in C:\\xampp\\htdocs\\registration\\ajaxRegistration.php on line 3, referer: http://localhost/registration/registrationForm.php
[Tue Mar 01 17:05:20.802578 2022] [php:warn] [pid 10188:tid 1860] [client ::1:51420] PHP Warning:  require(classes/dbcontroller.php): Failed to open stream: No such file or directory in C:\\xampp\\htdocs\\registration\\ajaxRegistration.php on line 2, referer: http://localhost/registration/registrationForm.php
[Tue Mar 01 17:05:20.803578 2022] [php:error] [pid 10188:tid 1860] [client ::1:51420] PHP Fatal error:  Uncaught Error: Failed opening required 'classes/dbcontroller.php' (include_path='C:\\xampp\\php\\PEAR') in C:\\xampp\\htdocs\\registration\\ajaxRegistration.php:2\nStack trace:\n#0 {main}\n  thrown in C:\\xampp\\htdocs\\registration\\ajaxRegistration.php on line 2, referer: http://localhost/registration/registrationForm.php
[Tue Mar 01 17:05:39.743960 2022] [php:warn] [pid 10188:tid 1860] [client ::1:51423] PHP Warning:  require(classes/Medoo.php): Failed to open stream: No such file or directory in C:\\xampp\\htdocs\\classes\\dbcontroller.php on line 2, referer: http://localhost/registration/registrationForm.php
[Tue Mar 01 17:05:39.743960 2022] [php:error] [pid 10188:tid 1860] [client ::1:51423] PHP Fatal error:  Uncaught Error: Failed opening required 'classes/Medoo.php' (include_path='C:\\xampp\\php\\PEAR') in C:\\xampp\\htdocs\\classes\\dbcontroller.php:2\nStack trace:\n#0 C:\\xampp\\htdocs\\registration\\ajaxRegistration.php(2): require()\n#1 {main}\n  thrown in C:\\xampp\\htdocs\\classes\\dbcontroller.php on line 2, referer: http://localhost/registration/registrationForm.php
[Tue Mar 01 17:06:09.603062 2022] [php:warn] [pid 10188:tid 1860] [client ::1:50584] PHP Warning:  require(classes/Medoo.php): Failed to open stream: No such file or directory in C:\\xampp\\htdocs\\classes\\dbcontroller.php on line 2, referer: http://localhost/registration/registrationForm.php
[Tue Mar 01 17:06:09.603062 2022] [php:error] [pid 10188:tid 1860] [client ::1:50584] PHP Fatal error:  Uncaught Error: Failed opening required 'classes/Medoo.php' (include_path='C:\\xampp\\php\\PEAR') in C:\\xampp\\htdocs\\classes\\dbcontroller.php:2\nStack trace:\n#0 C:\\xampp\\htdocs\\registration\\ajaxRegistration.php(2): include()\n#1 {main}\n  thrown in C:\\xampp\\htdocs\\classes\\dbcontroller.php on line 2, referer: http://localhost/registration/registrationForm.php
[Tue Mar 01 17:07:02.580017 2022] [php:error] [pid 10188:tid 1844] [client ::1:50626] PHP Fatal error:  Uncaught Error: Array callback has to contain indices 0 and 1 in C:\\xampp\\htdocs\\registration\\ajaxRegistration.php:7\nStack trace:\n#0 {main}\n  thrown in C:\\xampp\\htdocs\\registration\\ajaxRegistration.php on line 7, referer: http://localhost/registration/registrationForm.php
[Tue Mar 01 17:08:48.491402 2022] [php:warn] [pid 10188:tid 1844] [client ::1:61113] PHP Warning:  Undefined array key "column" in C:\\xampp\\htdocs\\classes\\Medoo.php on line 814, referer: http://localhost/registration/registrationForm.php
[Tue Mar 01 17:08:48.491402 2022] [php:error] [pid 10188:tid 1844] [client ::1:61113] PHP Fatal error:  Uncaught TypeError: Medoo\\Medoo::columnQuote(): Argument #1 ($column) must be of type string, null given, called in C:\\xampp\\htdocs\\classes\\Medoo.php on line 814 and defined in C:\\xampp\\htdocs\\classes\\Medoo.php:724\nStack trace:\n#0 C:\\xampp\\htdocs\\classes\\Medoo.php(814): Medoo\\Medoo->columnQuote(NULL)\n#1 C:\\xampp\\htdocs\\classes\\Medoo.php(1224): Medoo\\Medoo->columnPush(Array, Array, true, false)\n#2 C:\\xampp\\htdocs\\classes\\Medoo.php(1595): Medoo\\Medoo->selectContext('"user_auth"', Array, Array, Array, NULL)\n#3 C:\\xampp\\htdocs\\registration\\ajaxRegistration.php(11): Medoo\\Medoo->select('user_auth', Array)\n#4 {main}\n  thrown in C:\\xampp\\htdocs\\classes\\Medoo.php on line 724, referer: http://localhost/registration/registrationForm.php
[Tue Mar 01 17:21:04.877971 2022] [php:error] [pid 10188:tid 1844] [client ::1:51477] PHP Fatal error:  Uncaught PDOException: SQLSTATE[23000]: Integrity constraint violation: 1062 Duplicate entry 'sagsdgsadgasd' for key 'login' in C:\\xampp\\htdocs\\classes\\Medoo.php:563\nStack trace:\n#0 C:\\xampp\\htdocs\\classes\\Medoo.php(563): PDOStatement->execute()\n#1 C:\\xampp\\htdocs\\classes\\Medoo.php(1751): Medoo\\Medoo->exec(Object(PDOStatement), Array)\n#2 C:\\xampp\\htdocs\\registration\\ajaxRegistration.php(7): Medoo\\Medoo->insert('user_auth', Array)\n#3 {main}\n  thrown in C:\\xampp\\htdocs\\classes\\Medoo.php on line 563, referer: http://localhost/registration/registrationForm.php
[Tue Mar 01 17:32:24.648150 2022] [php:warn] [pid 10188:tid 1844] [client ::1:59383] PHP Warning:  Array to string conversion in C:\\xampp\\htdocs\\registration\\ajaxRegistration.php on line 11, referer: http://localhost/registration/registrationForm.php
[Wed Mar 02 17:03:36.873712 2022] [ssl:warn] [pid 3264:tid 592] AH01909: www.example.com:443:0 server certificate does NOT include an ID which matches the server name
[Wed Mar 02 17:03:36.904791 2022] [core:warn] [pid 3264:tid 592] AH00098: pid file C:/xampp/apache/logs/httpd.pid overwritten -- Unclean shutdown of previous Apache run?
[Wed Mar 02 17:03:36.907296 2022] [ssl:warn] [pid 3264:tid 592] AH01909: www.example.com:443:0 server certificate does NOT include an ID which matches the server name
[Wed Mar 02 17:03:36.941884 2022] [mpm_winnt:notice] [pid 3264:tid 592] AH00455: Apache/2.4.52 (Win64) OpenSSL/1.1.1m PHP/8.1.2 configured -- resuming normal operations
[Wed Mar 02 17:03:36.941884 2022] [mpm_winnt:notice] [pid 3264:tid 592] AH00456: Apache Lounge VS16 Server built: Dec 17 2021 10:17:38
[Wed Mar 02 17:03:36.941884 2022] [core:notice] [pid 3264:tid 592] AH00094: Command line: 'c:\\xampp\\apache\\bin\\httpd.exe -d C:/xampp/apache'
[Wed Mar 02 17:03:36.943391 2022] [mpm_winnt:notice] [pid 3264:tid 592] AH00418: Parent: Created child process 11004
[Wed Mar 02 17:03:37.246144 2022] [ssl:warn] [pid 11004:tid 640] AH01909: www.example.com:443:0 server certificate does NOT include an ID which matches the server name
[Wed Mar 02 17:03:37.273208 2022] [ssl:warn] [pid 11004:tid 640] AH01909: www.example.com:443:0 server certificate does NOT include an ID which matches the server name
[Wed Mar 02 17:03:37.306787 2022] [mpm_winnt:notice] [pid 11004:tid 640] AH00354: Child: Starting 150 worker threads.
[Wed Mar 02 17:03:38.215958 2022] [php:warn] [pid 11004:tid 1876] [client ::1:64650] PHP Warning:  require(../classes/Medoo.php): Failed to open stream: No such file or directory in C:\\xampp\\htdocs\\classes\\dbcontroller.php on line 2
[Wed Mar 02 17:03:38.218466 2022] [php:error] [pid 11004:tid 1876] [client ::1:64650] PHP Fatal error:  Uncaught Error: Failed opening required '../classes/Medoo.php' (include_path='C:\\xampp\\php\\PEAR') in C:\\xampp\\htdocs\\classes\\dbcontroller.php:2\nStack trace:\n#0 C:\\xampp\\htdocs\\index.php(3): include()\n#1 {main}\n  thrown in C:\\xampp\\htdocs\\classes\\dbcontroller.php on line 2
[Wed Mar 02 17:05:40.833020 2022] [php:error] [pid 11004:tid 1876] [client ::1:55881] PHP Fatal error:  Uncaught PDOException: SQLSTATE[23000]: Integrity constraint violation: 1062 Duplicate entry '+398-458-484-455' for key 'login' in C:\\xampp\\htdocs\\classes\\Medoo.php:563\nStack trace:\n#0 C:\\xampp\\htdocs\\classes\\Medoo.php(563): PDOStatement->execute()\n#1 C:\\xampp\\htdocs\\classes\\Medoo.php(1751): Medoo\\Medoo->exec(Object(PDOStatement), Array)\n#2 C:\\xampp\\htdocs\\registration\\ajaxRegistration.php(7): Medoo\\Medoo->insert('user_auth', Array)\n#3 {main}\n  thrown in C:\\xampp\\htdocs\\classes\\Medoo.php on line 563, referer: http://localhost/registration/registrationForm.php
