2022-02-21 14:53:49 0 [Note] InnoDB: Mutexes and rw_locks use Windows interlocked functions
2022-02-21 14:53:49 0 [Note] InnoDB: Uses event mutexes
2022-02-21 14:53:49 0 [Note] InnoDB: Compressed tables use zlib 1.2.11
2022-02-21 14:53:49 0 [Note] InnoDB: Number of pools: 1
2022-02-21 14:53:49 0 [Note] InnoDB: Using SSE2 crc32 instructions
2022-02-21 14:53:49 0 [Note] InnoDB: Initializing buffer pool, total size = 16M, instances = 1, chunk size = 16M
2022-02-21 14:53:49 0 [Note] InnoDB: Completed initialization of buffer pool
2022-02-21 14:53:49 0 [Note] InnoDB: Starting crash recovery from checkpoint LSN=300288
2022-02-21 14:53:49 0 [Note] InnoDB: 128 out of 128 rollback segments are active.
2022-02-21 14:53:49 0 [Note] InnoDB: Removed temporary tablespace data file: "ibtmp1"
2022-02-21 14:53:49 0 [Note] InnoDB: Creating shared tablespace for temporary tables
2022-02-21 14:53:49 0 [Note] InnoDB: Setting file 'C:\xampp\mysql\data\ibtmp1' size to 12 MB. Physically writing the file full; Please wait ...
2022-02-21 14:53:49 0 [Note] InnoDB: File 'C:\xampp\mysql\data\ibtmp1' size is now 12 MB.
2022-02-21 14:53:49 0 [Note] InnoDB: Waiting for purge to start
2022-02-21 14:53:49 0 [Note] InnoDB: 10.4.22 started; log sequence number 300297; transaction id 170
2022-02-21 14:53:49 0 [Note] InnoDB: Loading buffer pool(s) from C:\xampp\mysql\data\ib_buffer_pool
2022-02-21 14:53:49 0 [Note] Plugin 'FEEDBACK' is disabled.
2022-02-21 14:53:49 0 [Note] Server socket created on IP: '::'.
2022-02-22 10:47:04 0 [Note] mysqld.exe: Aria engine: starting recovery
recovered pages: 0% 10% 21% 32% 44% 56% 68% 82% 97% 100% (0.0 seconds); tables to flush: 17 16 15 14 13 12 11 10 9 8 7 6 5 4 3 2 1 0
 (0.0 seconds); 
2022-02-22 10:47:04 0 [Note] mysqld.exe: Aria engine: recovery done
2022-02-22 10:47:04 0 [Note] InnoDB: Mutexes and rw_locks use Windows interlocked functions
2022-02-22 10:47:04 0 [Note] InnoDB: Uses event mutexes
2022-02-22 10:47:04 0 [Note] InnoDB: Compressed tables use zlib 1.2.11
2022-02-22 10:47:04 0 [Note] InnoDB: Number of pools: 1
2022-02-22 10:47:04 0 [Note] InnoDB: Using SSE2 crc32 instructions
2022-02-22 10:47:04 0 [Note] InnoDB: Initializing buffer pool, total size = 16M, instances = 1, chunk size = 16M
2022-02-22 10:47:04 0 [Note] InnoDB: Completed initialization of buffer pool
2022-02-22 10:47:04 0 [Note] InnoDB: Starting crash recovery from checkpoint LSN=367599
2022-02-22 10:47:04 0 [Note] InnoDB: 128 out of 128 rollback segments are active.
2022-02-22 10:47:04 0 [Note] InnoDB: Removed temporary tablespace data file: "ibtmp1"
2022-02-22 10:47:04 0 [Note] InnoDB: Creating shared tablespace for temporary tables
2022-02-22 10:47:04 0 [Note] InnoDB: Setting file 'C:\xampp\mysql\data\ibtmp1' size to 12 MB. Physically writing the file full; Please wait ...
2022-02-22 10:47:04 0 [Note] InnoDB: File 'C:\xampp\mysql\data\ibtmp1' size is now 12 MB.
2022-02-22 10:47:04 0 [Note] InnoDB: Waiting for purge to start
2022-02-22 10:47:04 0 [Note] InnoDB: 10.4.22 started; log sequence number 367608; transaction id 313
2022-02-22 10:47:04 0 [Note] InnoDB: Loading buffer pool(s) from C:\xampp\mysql\data\ib_buffer_pool
2022-02-22 10:47:04 0 [Note] Plugin 'FEEDBACK' is disabled.
2022-02-22 10:47:04 0 [Note] Zerofilling moved table:  '.\mysql\plugin'
2022-02-22 10:47:04 0 [Note] InnoDB: Buffer pool(s) load completed at 220222 10:47:04
2022-02-22 10:47:04 0 [Note] Zerofilling moved table:  '.\mysql\servers'
2022-02-22 10:47:04 0 [Note] Server socket created on IP: '::'.
2022-02-22 16:16:53 0 [Note] InnoDB: Mutexes and rw_locks use Windows interlocked functions
2022-02-22 16:16:53 0 [Note] InnoDB: Uses event mutexes
2022-02-22 16:16:53 0 [Note] InnoDB: Compressed tables use zlib 1.2.11
2022-02-22 16:16:53 0 [Note] InnoDB: Number of pools: 1
2022-02-22 16:16:53 0 [Note] InnoDB: Using SSE2 crc32 instructions
2022-02-22 16:16:53 0 [Note] InnoDB: Initializing buffer pool, total size = 16M, instances = 1, chunk size = 16M
2022-02-22 16:16:53 0 [Note] InnoDB: Completed initialization of buffer pool
2022-02-22 16:16:53 0 [Note] InnoDB: Starting crash recovery from checkpoint LSN=1212906
2022-02-22 16:16:53 0 [Note] InnoDB: 128 out of 128 rollback segments are active.
2022-02-22 16:16:53 0 [Note] InnoDB: Removed temporary tablespace data file: "ibtmp1"
2022-02-22 16:16:53 0 [Note] InnoDB: Creating shared tablespace for temporary tables
2022-02-22 16:16:53 0 [Note] InnoDB: Setting file 'C:\xampp\mysql\data\ibtmp1' size to 12 MB. Physically writing the file full; Please wait ...
2022-02-22 16:16:53 0 [Note] InnoDB: File 'C:\xampp\mysql\data\ibtmp1' size is now 12 MB.
2022-02-22 16:16:53 0 [Note] InnoDB: Waiting for purge to start
2022-02-22 16:16:53 0 [Note] InnoDB: 10.4.22 started; log sequence number 1212915; transaction id 1048
2022-02-22 16:16:53 0 [Note] InnoDB: Loading buffer pool(s) from C:\xampp\mysql\data\ib_buffer_pool
2022-02-22 16:16:53 0 [Note] Plugin 'FEEDBACK' is disabled.
2022-02-22 16:16:53 0 [Note] Server socket created on IP: '::'.
2022-02-28 12:47:22 0 [Note] mysqld.exe: Aria engine: starting recovery
recovered pages: 0% 14% 57% 83% 95% 100% (0.0 seconds); tables to flush: 2 1 0
 (0.0 seconds); 
2022-02-28 12:47:22 0 [Note] mysqld.exe: Aria engine: recovery done
2022-02-28 12:47:22 0 [Note] InnoDB: Mutexes and rw_locks use Windows interlocked functions
2022-02-28 12:47:22 0 [Note] InnoDB: Uses event mutexes
2022-02-28 12:47:22 0 [Note] InnoDB: Compressed tables use zlib 1.2.11
2022-02-28 12:47:22 0 [Note] InnoDB: Number of pools: 1
2022-02-28 12:47:22 0 [Note] InnoDB: Using SSE2 crc32 instructions
2022-02-28 12:47:22 0 [Note] InnoDB: Initializing buffer pool, total size = 16M, instances = 1, chunk size = 16M
2022-02-28 12:47:22 0 [Note] InnoDB: Completed initialization of buffer pool
2022-02-28 12:47:22 0 [Note] InnoDB: The log sequence number 139827 in the system tablespace does not match the log sequence number 1212940 in the ib_logfiles!
2022-02-28 12:47:23 0 [Note] InnoDB: 128 out of 128 rollback segments are active.
2022-02-28 12:47:23 0 [Note] InnoDB: Removed temporary tablespace data file: "ibtmp1"
2022-02-28 12:47:23 0 [Note] InnoDB: Creating shared tablespace for temporary tables
2022-02-28 12:47:23 0 [Note] InnoDB: Setting file 'C:\xampp\mysql\data\ibtmp1' size to 12 MB. Physically writing the file full; Please wait ...
2022-02-28 12:47:23 0 [Note] InnoDB: File 'C:\xampp\mysql\data\ibtmp1' size is now 12 MB.
2022-02-28 12:47:23 0 [Note] InnoDB: Waiting for purge to start
2022-02-28 12:47:23 0 [Note] InnoDB: 10.4.22 started; log sequence number 1212940; transaction id 1048
2022-02-28 12:47:23 0 [Note] InnoDB: Loading buffer pool(s) from C:\xampp\mysql\data\ib_buffer_pool
2022-02-28 12:47:23 0 [Note] Plugin 'FEEDBACK' is disabled.
2022-02-28 12:47:23 0 [Note] Server socket created on IP: '::'.
2022-03-01 16:33:20 0 [Note] InnoDB: Mutexes and rw_locks use Windows interlocked functions
2022-03-01 16:33:20 0 [Note] InnoDB: Uses event mutexes
2022-03-01 16:33:20 0 [Note] InnoDB: Compressed tables use zlib 1.2.11
2022-03-01 16:33:20 0 [Note] InnoDB: Number of pools: 1
2022-03-01 16:33:20 0 [Note] InnoDB: Using SSE2 crc32 instructions
2022-03-01 16:33:20 0 [Note] InnoDB: Initializing buffer pool, total size = 16M, instances = 1, chunk size = 16M
2022-03-01 16:33:20 0 [Note] InnoDB: Completed initialization of buffer pool
2022-03-01 16:33:20 0 [Note] InnoDB: Starting crash recovery from checkpoint LSN=1219381
2022-03-01 16:33:20 0 [Note] InnoDB: 128 out of 128 rollback segments are active.
2022-03-01 16:33:20 0 [Note] InnoDB: Removed temporary tablespace data file: "ibtmp1"
2022-03-01 16:33:20 0 [Note] InnoDB: Creating shared tablespace for temporary tables
2022-03-01 16:33:20 0 [Note] InnoDB: Setting file 'C:\xampp\mysql\data\ibtmp1' size to 12 MB. Physically writing the file full; Please wait ...
2022-03-01 16:33:20 0 [Note] InnoDB: File 'C:\xampp\mysql\data\ibtmp1' size is now 12 MB.
2022-03-01 16:33:20 0 [Note] InnoDB: Waiting for purge to start
2022-03-01 16:33:20 0 [Note] InnoDB: 10.4.22 started; log sequence number 1219390; transaction id 1078
2022-03-01 16:33:20 0 [Note] InnoDB: Loading buffer pool(s) from C:\xampp\mysql\data\ib_buffer_pool
2022-03-01 16:33:20 0 [Note] Plugin 'FEEDBACK' is disabled.
2022-03-01 16:33:20 0 [Note] Server socket created on IP: '::'.
2022-03-02 17:03:36 0 [Note] InnoDB: Mutexes and rw_locks use Windows interlocked functions
2022-03-02 17:03:36 0 [Note] InnoDB: Uses event mutexes
2022-03-02 17:03:36 0 [Note] InnoDB: Compressed tables use zlib 1.2.11
2022-03-02 17:03:36 0 [Note] InnoDB: Number of pools: 1
2022-03-02 17:03:36 0 [Note] InnoDB: Using SSE2 crc32 instructions
2022-03-02 17:03:36 0 [Note] InnoDB: Initializing buffer pool, total size = 16M, instances = 1, chunk size = 16M
2022-03-02 17:03:36 0 [Note] InnoDB: Completed initialization of buffer pool
2022-03-02 17:03:36 0 [Note] InnoDB: Starting crash recovery from checkpoint LSN=1233029
2022-03-02 17:03:37 0 [Note] InnoDB: 128 out of 128 rollback segments are active.
2022-03-02 17:03:37 0 [Note] InnoDB: Removed temporary tablespace data file: "ibtmp1"
2022-03-02 17:03:37 0 [Note] InnoDB: Creating shared tablespace for temporary tables
2022-03-02 17:03:37 0 [Note] InnoDB: Setting file 'C:\xampp\mysql\data\ibtmp1' size to 12 MB. Physically writing the file full; Please wait ...
2022-03-02 17:03:37 0 [Note] InnoDB: File 'C:\xampp\mysql\data\ibtmp1' size is now 12 MB.
2022-03-02 17:03:37 0 [Note] InnoDB: Waiting for purge to start
2022-03-02 17:03:37 0 [Note] InnoDB: 10.4.22 started; log sequence number 1233038; transaction id 1120
2022-03-02 17:03:37 0 [Note] InnoDB: Loading buffer pool(s) from C:\xampp\mysql\data\ib_buffer_pool
2022-03-02 17:03:37 0 [Note] Plugin 'FEEDBACK' is disabled.
2022-03-02 17:03:37 0 [Note] Server socket created on IP: '::'.
